[12:32:54] [INFO] ==================================================
[12:32:54] [INFO] Iniciando Actualizador EPG DirecTV
[12:32:54] [INFO] ==================================================
[12:32:54] [INFO] Ejecutando intento 1 de 3...
[12:32:55] [INFO] Lanzando navegador con evasión de automatización...
[12:32:56] [INFO] Navegando a https://www.directv.com.ar/guia/guia.aspx...
[12:33:39] [WARNING] Intento 1 finalizado sin captura. Reintentando en 5 segundos...
[12:33:44] [INFO] Ejecutando intento 2 de 3...
[12:33:45] [INFO] Lanzando navegador con evasión de automatización...
[12:33:46] [INFO] Navegando a https://www.directv.com.ar/guia/guia.aspx...
[12:34:37] [ERROR] Future exception was never retrieved
future: <Future finished exception=TargetClosedError('Target page, context or browser has been closed')>
playwright._impl._errors.TargetClosedError: Target page, context or browser has been closed
[12:34:37] [ERROR] Future exception was never retrieved
future: <Future finished exception=TargetClosedError('Target page, context or browser has been closed')>
playwright._impl._errors.TargetClosedError: Target page, context or browser has been closed
[12:35:40] [INFO] ==================================================
[12:35:40] [INFO] Iniciando Actualizador EPG DirecTV
[12:35:40] [INFO] ==================================================
[12:35:40] [INFO] Ejecutando intento 1 de 3...
[12:35:41] [INFO] Lanzando navegador con evasión de automatización...
[12:35:42] [INFO] Navegando a https://www.directv.com.ar/guia/guia.aspx...
[12:36:04] [ERROR] Ocurrió un error en la navegación: Page.evaluate: Execution context was destroyed, most likely because of a navigation
[12:36:04] [WARNING] Intento 1 finalizado sin captura. Reintentando en 5 segundos...
[12:36:09] [INFO] Ejecutando intento 2 de 3...
[12:36:10] [INFO] Lanzando navegador con evasión de automatización...
[12:36:11] [INFO] Navegando a https://www.directv.com.ar/guia/guia.aspx...
[12:36:35] [INFO] ¡Respuesta de programación interceptada exitosamente desde la red!
[12:36:37] [INFO] Procesando JSON y construyendo archivo XMLTV...
[12:36:38] [INFO] Resumen: 325 canales y 5030 eventos de programación procesados.
[12:36:38] [INFO] ¡ÉXITO! Archivo XMLTV actualizado correctamente en:
[12:36:38] [INFO] -> /home/j/epg-directv/epg_directv.xml
[12:36:38] [INFO] Proceso completado exitosamente.
[12:40:27] [INFO] ==================================================
[12:40:27] [INFO] Iniciando Actualizador EPG DirecTV Completo
[12:40:27] [INFO] ==================================================
[12:40:28] [INFO] Lanzando navegador visual para interacción y bypass de seguridad...
[12:40:30] [INFO] Navegando a https://www.directv.com.ar/guia/guia.aspx...
[12:40:37] [WARNING] ==========================================================
[12:40:37] [WARNING] ¡ATENCIÓN! Se ha detectado un CAPTCHA / Desafío de seguridad.
[12:40:37] [WARNING] Por favor, resolvelo manualmente en la ventana del navegador.
[12:40:37] [WARNING] Esperando resolución (tenés hasta 120 segundos)...
[12:40:37] [WARNING] ==========================================================
[12:40:55] [INFO] [+] Se capturaron 325 canales nuevos. Total acumulado: 325 canales.
[12:42:40] [INFO] Realizando desplazamientos en la grilla para cargar todos los canales...
[12:42:56] [INFO] Grilla principal capturada en su mayoría.
[12:42:56] [INFO] Construyendo XMLTV con todos los canales capturados...
[12:42:57] [INFO] Procesamiento finalizado: 325 canales y 4261 programas incluidos.
[12:42:58] [INFO] ¡ÉXITO! Archivo XMLTV completo guardado en:
[12:42:58] [INFO] -> /home/j/epg-directv/epg_directv_completo.xml
[12:42:58] [INFO] Proceso completado exitosamente.
[12:45:34] [INFO] ==================================================
[12:45:34] [INFO] Iniciando Generador de EPG DirecTV (Doble Salida)
[12:45:34] [INFO] ==================================================
[12:45:35] [INFO] Iniciando navegador con configuración Stealth...
[12:45:36] [INFO] Navegando a https://www.directv.com.ar/guia/guia.aspx...
[12:45:56] [INFO] [+] Se capturaron 325 canales. Total acumulado: 325.
[12:45:58] [INFO] Respuesta de red recibida correctamente. Finalizando captura.
[12:46:00] [INFO] Construyendo XMLTV (Completo)...
[12:46:00] [INFO] XMLTV Completo generado: 325 canales y 4261 programas.
[12:46:01] [INFO] [+] Guardado completo en: /home/j/epg-directv/epg_directv_completo.xml
[12:46:01] [INFO] Construyendo XMLTV (DSports)...
[12:46:01] [INFO] XMLTV DSports generado: 8 canales y 39 programas.
[12:46:01] [INFO] [+] Guardado DSports en: /home/j/epg-directv/epg_directv_dsports.xml
[12:46:01] [INFO] Proceso completado con éxito.
